D:\LEARNING\COMP3271\COMP3271_ASSIGNMENT_4_TEMPLATE\COMP3271_ASSIGNMENT_4_TEMPLATE\RAYTRACERWIN32\DEBUG\UTIL.OBJ
D:\LEARNING\COMP3271\COMP3271_ASSIGNMENT_4_TEMPLATE\COMP3271_ASSIGNMENT_4_TEMPLATE\RAYTRACERWIN32\DEBUG\SCENE_OBJECT.OBJ
D:\LEARNING\COMP3271\COMP3271_ASSIGNMENT_4_TEMPLATE\COMP3271_ASSIGNMENT_4_TEMPLATE\RAYTRACERWIN32\DEBUG\RAYTRACER.OBJ
D:\LEARNING\COMP3271\COMP3271_ASSIGNMENT_4_TEMPLATE\COMP3271_ASSIGNMENT_4_TEMPLATE\RAYTRACERWIN32\DEBUG\LIGHT_SOURCE.OBJ
D:\LEARNING\COMP3271\COMP3271_ASSIGNMENT_4_TEMPLATE\COMP3271_ASSIGNMENT_4_TEMPLATE\RAYTRACERWIN32\DEBUG\BMP_IO.OBJ
D:\LEARNING\COMP3271\COMP3271_ASSIGNMENT_4_TEMPLATE\COMP3271_ASSIGNMENT_4_TEMPLATE\RAYTRACERWIN32\DEBUG\VC110.PDB
D:\LEARNING\COMP3271\COMP3271_ASSIGNMENT_4_TEMPLATE\COMP3271_ASSIGNMENT_4_TEMPLATE\RAYTRACERWIN32\DEBUG\RAYTRACER_VS2012.EXE
D:\LEARNING\COMP3271\COMP3271_ASSIGNMENT_4_TEMPLATE\COMP3271_ASSIGNMENT_4_TEMPLATE\RAYTRACERWIN32\DEBUG\RAYTRACER_VS2012.PDB
D:\learning\comp3271\COMP3271_assignment_4_template\COMP3271_assignment_4_template\raytracerWin32\Debug\bmp_io.obj
D:\learning\comp3271\COMP3271_assignment_4_template\COMP3271_assignment_4_template\raytracerWin32\Debug\light_source.obj
D:\learning\comp3271\COMP3271_assignment_4_template\COMP3271_assignment_4_template\raytracerWin32\Debug\raytracer.obj
D:\learning\comp3271\COMP3271_assignment_4_template\COMP3271_assignment_4_template\raytracerWin32\Debug\scene_object.obj
D:\learning\comp3271\COMP3271_assignment_4_template\COMP3271_assignment_4_template\raytracerWin32\Debug\util.obj
D:\learning\comp3271\COMP3271_assignment_4_template\COMP3271_assignment_4_template\raytracerWin32\Debug\cl.command.1.tlog
D:\learning\comp3271\COMP3271_assignment_4_template\COMP3271_assignment_4_template\raytracerWin32\Debug\CL.read.1.tlog
D:\learning\comp3271\COMP3271_assignment_4_template\COMP3271_assignment_4_template\raytracerWin32\Debug\CL.write.1.tlog
D:\learning\comp3271\COMP3271_assignment_4_template\COMP3271_assignment_4_template\raytracerWin32\Debug\link-cvtres.read.1.tlog
D:\learning\comp3271\COMP3271_assignment_4_template\COMP3271_assignment_4_template\raytracerWin32\Debug\link-cvtres.write.1.tlog
D:\learning\comp3271\COMP3271_assignment_4_template\COMP3271_assignment_4_template\raytracerWin32\Debug\link-rc.read.1.tlog
D:\learning\comp3271\COMP3271_assignment_4_template\COMP3271_assignment_4_template\raytracerWin32\Debug\link-rc.write.1.tlog
D:\learning\comp3271\COMP3271_assignment_4_template\COMP3271_assignment_4_template\raytracerWin32\Debug\link.command.1.tlog
D:\learning\comp3271\COMP3271_assignment_4_template\COMP3271_assignment_4_template\raytracerWin32\Debug\link.read.1.tlog
D:\learning\comp3271\COMP3271_assignment_4_template\COMP3271_assignment_4_template\raytracerWin32\Debug\link.write.1.tlog
D:\learning\comp3271\COMP3271_assignment_4_template\COMP3271_assignment_4_template\raytracerWin32\Debug\vc110.idb
D:\learning\comp3271\COMP3271_assignment_4_template\COMP3271_assignment_4_template\raytracerWin32\Debug\raytracer_vs2012.pdb
D:\learning\comp3271\COMP3271_assignment_4_template\COMP3271_assignment_4_template\raytracerWin32\Debug\vc110.pdb
D:\learning\comp3271\COMP3271_assignment_4_template\COMP3271_assignment_4_template\raytracerWin32\.\Debug\raytracer_vs2012.exe
